2016-01-29T02:00:01+08:00 (none) kernel: wifi_log: [Class 1 - RECV AUTH] - if="wl1", sta_mac="c0:9f:42:12:0b:3d", bssid="64:09:80:78:91:10", action="recv-auth", rssi="-73", status="0"
2016-01-29T02:00:01+08:00 (none) kernel: wifi_log: [Class 1 - SEND AUTH_RSP] - if="wl1", sta_mac="c0:9f:42:12:0b:3d", bssid="64:09:80:78:91:10", action="mlme-auth", info="send auth resp(Success)", status="0"
2016-01-29T02:00:01+08:00 (none) kernel: wifi_log: [Class 2 - RECV ASSOC] - if="wl1", sta_mac="c0:9f:42:12:0b:3d", bssid="64:09:80:78:91:10", action="recv-assoc", rssi="-75", Aid="1"
2016-01-29T02:00:01+08:00 (none) kernel: wifi_log: [Class 2 - SEND ASSOC_RSP] - if="wl1", sta_mac="c0:9f:42:12:0b:3d", bssid="64:09:80:78:91:10", action="mlme-assoc", status="0", Aid="1"
2016-01-29T02:00:01+08:00 (none) kernel: wifi_log: [Class 3 - EAPOL START] - if="wl1", sta_mac="c0:9f:42:12:0b:3d", bssid="64:09:80:78:91:10", action="eapol-start"
2016-01-29T02:00:01+08:00 (none) kernel: wifi_log: [Class 3 - SEND EAPOL 1/4] - if="wl1", sta_mac="c0:9f:42:12:0b:3d", bssid="64:09:80:78:91:10", action="send-eapol"
2016-01-29T02:00:01+08:00 (none) kernel: wifi_log: [Class 3 - RECV EAPOL 2/4] - if="wl1", sta_mac="c0:9f:42:12:0b:3d", bssid="64:09:80:78:91:10", action="recv-eapol"
2016-01-29T02:00:01+08:00 (none) kernel: wifi_log: [Class 3 - SEND EAPOL 3/4] - if="wl1", sta_mac="c0:9f:42:12:0b:3d", bssid="64:09:80:78:91:10", action="send-eapol"
2016-01-29T02:00:01+08:00 (none) kernel: wifi_log: [Class 3 - RECV EAPOL 2/4] - if="wl1", sta_mac="c0:9f:42:12:0b:3d", bssid="64:09:80:78:91:10", action="recv-eapol"
2016-01-29T02:00:01+08:00 (none) kernel: wifi_log: [Class 3 - RECV EAPOL 4/4] - if="wl1", sta_mac="c0:9f:42:12:0b:3d", bssid="64:09:80:78:91:10", action="recv-eapol"
2016-01-29T02:00:01+08:00 (none) kernel: wifi_log: [Class 3 - WPA2 EAPOL-DONE] - if="wl1", sta_mac="c0:9f:42:12:0b:3d", bssid="64:09:80:78:91:10", action="eapol-done"
2016-01-29T02:00:11+08:00 (none) kernel: wifi_log: [Class 1 - RECV AUTH] - if="wl1", sta_mac="9c:c1:72:4e:3b:b0", bssid="64:09:80:78:91:10", action="recv-auth", rssi="-61", status="0"
2016-01-29T02:00:11+08:00 (none) kernel: wifi_log: [Class 1 - SEND AUTH_RSP] - if="wl1", sta_mac="9c:c1:72:4e:3b:b0", bssid="64:09:80:78:91:10", action="mlme-auth", info="send auth resp(Success)", status="0"
2016-01-29T02:00:11+08:00 (none) kernel: wifi_log: [Class 2 - RECV ASSOC] - if="wl1", sta_mac="9c:c1:72:4e:3b:b0", bssid="64:09:80:78:91:10", action="recv-assoc", rssi="-59", Aid="2"
2016-01-29T02:00:11+08:00 (none) kernel: wifi_log: [Class 2 - SEND ASSOC_RSP] - if="wl1", sta_mac="9c:c1:72:4e:3b:b0", bssid="64:09:80:78:91:10", action="mlme-assoc", status="0", Aid="2"
2016-01-29T02:00:11+08:00 (none) kernel: wifi_log: [Class 3 - EAPOL START] - if="wl1", sta_mac="9c:c1:72:4e:3b:b0", bssid="64:09:80:78:91:10", action="eapol-start"
2016-01-29T02:00:11+08:00 (none) kernel: wifi_log: [Class 3 - SEND EAPOL 1/4] - if="wl1", sta_mac="9c:c1:72:4e:3b:b0", bssid="64:09:80:78:91:10", action="send-eapol"
2016-01-29T02:00:12+08:00 (none) kernel: wifi_log: [Class 3 - RECV EAPOL 2/4] - if="wl1", sta_mac="9c:c1:72:4e:3b:b0", bssid="64:09:80:78:91:10", action="recv-eapol"
2016-01-29T02:00:12+08:00 (none) kernel: wifi_log: [Class 3 - SEND EAPOL 3/4] - if="wl1", sta_mac="9c:c1:72:4e:3b:b0", bssid="64:09:80:78:91:10", action="send-eapol"
2016-01-29T02:00:12+08:00 (none) kernel: wifi_log: [Class 3 - RECV EAPOL 4/4] - if="wl1", sta_mac="9c:c1:72:4e:3b:b0", bssid="64:09:80:78:91:10", action="recv-eapol"
2016-01-29T02:00:12+08:00 (none) kernel: wifi_log: [Class 3 - WPA2 EAPOL-DONE] - if="wl1", sta_mac="9c:c1:72:4e:3b:b0", bssid="64:09:80:78:91:10", action="eapol-done"
2016-01-29T02:00:56+08:00 (none) root: wifi_log: Ifname="wl1", Noise="-91 dBm", Stacount="2", SSID="jmdvirus 64:09:80:78:91:10", Bssid="64:09:80:78:91:10", Channel="6"
2016-01-29T02:00:58+08:00 (none) root: wifi_log: sta_mac="C0:9F:42:12:0B:3D", Phy="?", Security="OPEN", RSSI="-86", Noise="-95",snr="9", RX="6.5 Mbit/s", RX_UCAST_PKT="12 Pkts", RX_UCAST_KBYTE="1 Kbytes", RX_MCAST_PKTS="21 Pkts, RX_MCAST_KBYTE="5 Kbytes", TX="6.5 Mbit/s", RX_UCAST_PKT="12 Pkts", TX_UCAST_KBYTE="1 Kbytes", TX_MCAST_PKTS="0 Pkts", TX_MCAST_KBYTE="0 Kbytes"
2016-01-29T02:01:00+08:00 (none) root: wifi_log: sta_mac="9C:C1:72:4E:3B:B0", Phy="?", Security="OPEN", RSSI="-59", Noise="-95",snr="36", RX="65.0 Mbit/s", RX_UCAST_PKT="8 Pkts", RX_UCAST_KBYTE="2 Kbytes", RX_MCAST_PKTS="14 Pkts, RX_MCAST_KBYTE="3 Kbytes", TX="65.0 Mbit/s", RX_UCAST_PKT="8 Pkts", TX_UCAST_KBYTE="2 Kbytes", TX_MCAST_PKTS="0 Pkts", TX_MCAST_KBYTE="0 Kbytes"
2016-01-29T02:01:01+08:00 (none) kernel: wifi_log: [Class 2 - RECV DISASSOC] - if="wl1", sta_mac="c0:9f:42:12:0b:3d", bssid="64:09:80:78:91:10", action="recv-disassoc", reason="8", rssi="-85", Aid="1"
2016-01-29T02:01:03+08:00 (none) kernel: wifi_log: [Class 1 - RECV AUTH] - if="wl1", sta_mac="c0:9f:42:12:0b:3d", bssid="64:09:80:78:91:10", action="recv-auth", rssi="-85", status="0"
2016-01-29T02:01:03+08:00 (none) kernel: wifi_log: [Class 1 - SEND AUTH_RSP] - if="wl1", sta_mac="c0:9f:42:12:0b:3d", bssid="64:09:80:78:91:10", action="mlme-auth", info="send auth resp(Success)", status="0"
2016-01-29T02:01:03+08:00 (none) kernel: wifi_log: [Class 2 - RECV ASSOC] - if="wl1", sta_mac="c0:9f:42:12:0b:3d", bssid="64:09:80:78:91:10", action="recv-assoc", rssi="-87", Aid="1"
2016-01-29T02:01:03+08:00 (none) kernel: wifi_log: [Class 2 - SEND ASSOC_RSP] - if="wl1", sta_mac="c0:9f:42:12:0b:3d", bssid="64:09:80:78:91:10", action="mlme-assoc", status="0", Aid="1"
2016-01-29T02:01:04+08:00 (none) kernel: wifi_log: [Class 3 - EAPOL START] - if="wl1", sta_mac="c0:9f:42:12:0b:3d", bssid="64:09:80:78:91:10", action="eapol-start"
2016-01-29T02:01:04+08:00 (none) kernel: wifi_log: [Class 3 - SEND EAPOL 1/4] - if="wl1", sta_mac="c0:9f:42:12:0b:3d", bssid="64:09:80:78:91:10", action="send-eapol"
2016-01-29T02:01:04+08:00 (none) kernel: wifi_log: [Class 3 - RECV EAPOL 2/4] - if="wl1", sta_mac="c0:9f:42:12:0b:3d", bssid="64:09:80:78:91:10", action="recv-eapol"
2016-01-29T02:01:04+08:00 (none) kernel: wifi_log: [Class 3 - SEND EAPOL 3/4] - if="wl1", sta_mac="c0:9f:42:12:0b:3d", bssid="64:09:80:78:91:10", action="send-eapol"
2016-01-29T02:01:04+08:00 (none) kernel: wifi_log: [Class 3 - RECV EAPOL 4/4] - if="wl1", sta_mac="c0:9f:42:12:0b:3d", bssid="64:09:80:78:91:10", action="recv-eapol"
2016-01-29T02:01:04+08:00 (none) kernel: wifi_log: [Class 3 - WPA2 EAPOL-DONE] - if="wl1", sta_mac="c0:9f:42:12:0b:3d", bssid="64:09:80:78:91:10", action="eapol-done"
