stat_points_privacy pppoe_error=10
stat_points_privacy pppoe_up=1
stat_points_privacy user_agent_hw=|server-bag [Mac OS X,10.9.5,13F34,Macmini6,2]
stat_points_privacy user_agent_hw=10:DD:B1:D1:9A:5B|ocspd/1.0.2
stat_points_privacy user_agent_hw=10:DD:B1:D1:9A:5B|Mozilla/5.0 (Macintosh; Intel Mac OS X 10_9_5) AppleWebKit/537.36 (KHTML, like Gecko) Chrome/39.0.2171.71 Safari/537.36
stat_points_privacy usb_deploy_capacity=8059879424
stat_points_privacy usb_deploy_device_type=udisk
stat_points_privacy usb_deploy_format=vfat
stat_points_privacy user_agent_hw=C0:9F:42:12:0B:3D|GeoServices/702.71 CFNetwork/672.1.15 Darwin/14.0.0
stat_points_privacy user_agent_hw=C0:9F:42:12:0B:3D|%E5%A2%A8%E8%BF%B9%E5%A4%A9%E6%B0%94/5005080202 CFNetwork/672.1.15 Darwin/14.0.0
stat_points_privacy user_agent_hw=C0:9F:42:12:0B:3D|%E5%A2%A8%E8%BF%B9%E5%A4%A9%E6%B0%94/5005080202 CFNetwork/672.1.15 Darwin/14.0.0
stat_points_privacy user_agent_hw=C0:9F:42:12:0B:3D|%E5%A2%A8%E8%BF%B9%E5%A4%A9%E6%B0%94/5005080202 CFNetwork/672.1.15 Darwin/14.0.0
stat_points_privacy user_agent_hw=C0:9F:42:12:0B:3D|%E5%A2%A8%E8%BF%B9%E5%A4%A9%E6%B0%94/5005080202 CFNetwork/672.1.15 Darwin/14.0.0
stat_points_privacy user_agent_hw=C0:9F:42:12:0B:3D|%E5%A2%A8%E8%BF%B9%E5%A4%A9%E6%B0%94/5005080202 CFNetwork/672.1.15 Darwin/14.0.0
stat_points_privacy user_agent_hw=C0:9F:42:12:0B:3D|%E5%A2%A8%E8%BF%B9%E5%A4%A9%E6%B0%94/5005080202 CFNetwork/672.1.15 Darwin/14.0.0
stat_points_privacy user_agent_hw=C0:9F:42:12:0B:3D|%E5%A2%A8%E8%BF%B9%E5%A4%A9%E6%B0%94/5005080202 CFNetwork/672.1.15 Darwin/14.0.0
stat_points_privacy user_agent_hw=C0:9F:42:12:0B:3D|%E5%A2%A8%E8%BF%B9%E5%A4%A9%E6%B0%94/5005080202 CFNetwork/672.1.15 Darwin/14.0.0
stat_points_privacy user_agent_hw=C0:9F:42:12:0B:3D|%E5%A2%A8%E8%BF%B9%E5%A4%A9%E6%B0%94/5005080202 CFNetwork/672.1.15 Darwin/14.0.0
stat_points_privacy user_agent_hw=C0:9F:42:12:0B:3D|%E5%A2%A8%E8%BF%B9%E5%A4%A9%E6%B0%94/5005080202 CFNetwork/672.1.15 Darwin/14.0.0
stat_points_privacy network_traffic_10min=7283809
stat_points_privacy user_agent_hw=20:F4:1B:F6:86:ED|Wget
stat_points_privacy user_agent_hw=20:F4:1B:F6:86:ED|Wget
stat_points_privacy user_agent_hw=20:F4:1B:F6:86:ED|QQ/6.2.3.409 CFNetwork/758.2.8 Darwin/15.0.0
stat_points_privacy user_agent_hw=20:F4:1B:F6:86:ED|QQ/6.2.3.409 CFNetwork/758.2.8 Darwin/15.0.0
stat_points_privacy user_agent_hw=20:F4:1B:F6:86:ED|CaptiveNetworkSupport-325.10.1 wispr
stat_points_privacy user_agent_hw=20:F4:1B:F6:86:ED|Wget
stat_points_privacy user_agent_hw=20:F4:1B:F6:86:ED|Wget
stat_points_privacy network_traffic_10min=30214569
stat_points_privacy user_agent_hw=20:F4:1B:F6:86:ED|MicroMessenger Client
stat_points_privacy user_agent_hw=9C:C1:72:4E:3B:B0|Dalvik/1.6.0 (Linux; U; Android 4.4.2; HONOR H30-L01 Build/HonorH30-L01)
stat_points_privacy user_agent_hw=20:F4:1B:F6:86:ED|Wget
stat_points_privacy user_agent_hw=20:F4:1B:F6:86:ED|Wget
stat_points_privacy network_traffic_10min=3645210
